<?xml version="1.0" encoding="UTF-8"?>
<testng-results ignored="0" total="1" passed="1" failed="0" skipped="0">
  <reporter-output>
    <line>
      <![CDATA[test caseRegModule is successfully excuted]]>
    </line>
  </reporter-output>
  <suite started-at="2022-12-16T22:51:43 IST" name="Default suite" finished-at="2022-12-16T22:52:20 IST" duration-ms="36936">
    <groups>
    </groups>
    <test started-at="2022-12-16T22:51:43 IST" name="Default test" finished-at="2022-12-16T22:52:20 IST" duration-ms="36936">
      <class name="testclass.RegisterModule">
        <test-method is-config="true" signature="Launchapp()[pri:0, instance:testclass.RegisterModule@68c9133c]" started-at="2022-12-16T22:51:43 IST" name="Launchapp" finished-at="2022-12-16T22:52:12 IST" duration-ms="28536" status="PASS">
          <reporter-output>
          </reporter-output>
        </test-method> <!-- Launchapp -->
        <test-method is-config="true" signature="details()[pri:0, instance:testclass.RegisterModule@68c9133c]" started-at="2022-12-16T22:52:12 IST" name="details" finished-at="2022-12-16T22:52:20 IST" duration-ms="7990" status="PASS">
          <reporter-output>
          </reporter-output>
        </test-method> <!-- details -->
        <test-method signature="RegModule()[pri:0, instance:testclass.RegisterModule@68c9133c]" started-at="2022-12-16T22:52:20 IST" name="RegModule" finished-at="2022-12-16T22:52:20 IST" duration-ms="44" status="PASS">
          <reporter-output>
            <line>
              <![CDATA[test caseRegModule is successfully excuted]]>
            </line>
          </reporter-output>
        </test-method> <!-- RegModule -->
        <test-method is-config="true" signature="regis()[pri:0, instance:testclass.RegisterModule@68c9133c]" started-at="2022-12-16T22:52:20 IST" name="regis" finished-at="2022-12-16T22:52:20 IST" duration-ms="109" status="PASS">
          <reporter-output>
          </reporter-output>
        </test-method> <!-- regis -->
      </class> <!-- testclass.RegisterModule -->
    </test> <!-- Default test -->
  </suite> <!-- Default suite -->
</testng-results>
